<?xml version="1.0" encoding="UTF-8"?>
<!-- Generated by org.testng.reporters.JUnitReportReporter -->
<testsuite hostname="LAPTOP-0SCO6RBP" failures="0" tests="1" name="com.test.testcases.firstTest" time="2.566" errors="0" timestamp="2024-08-04T17:49:12 IST" skipped="0">
  <testcase classname="com.test.testcases.firstTest" name="f" time="2.566"/>
  <system-out/>
</testsuite> <!-- com.test.testcases.firstTest -->
