<?xml version="1.0" encoding="UTF-8"?>
<!-- Generated by org.testng.reporters.JUnitReportReporter -->
<testsuite hostname="LAPTOP-0SCO6RBP" failures="0" tests="1" name="com.test.base.firstTest" time="1.486" errors="0" timestamp="2024-08-04T17:39:37 IST" skipped="0">
  <testcase classname="com.test.base.firstTest" name="f" time="1.486"/>
  <system-out/>
</testsuite> <!-- com.test.base.firstTest -->
